<?xml version="1.0" encoding="UTF-8"?>
<!-- Generated by org.testng.reporters.JUnitXMLReporter -->
<testsuite ignored="1" hostname="vkarthik1-lp" failures="0" tests="2" name="Default test" time="0.054" errors="0" timestamp="2022-09-21T08:04:30 IST">
  <testcase classname="APIDataStore.Sample" name="Me2" time="0.013"/>
  <testcase classname="APIDataStore.Sample" name="Me3" time="0.001"/>
  <testcase classname="APIDataStore.Sample" name="Me1" time="0.0">
    <ignored/>
  </testcase> <!-- Me1 -->
</testsuite> <!-- Default test -->
