<?xml version="1.0" encoding="UTF-8"?>
<testng-results ignored="1" total="3" passed="2" failed="0" skipped="0">
  <reporter-output>
  </reporter-output>
  <suite started-at="2022-09-21T08:04:30 IST" name="Default suite" finished-at="2022-09-21T08:04:30 IST" duration-ms="54">
    <groups>
    </groups>
    <test started-at="2022-09-21T08:04:30 IST" name="Default test" finished-at="2022-09-21T08:04:30 IST" duration-ms="54">
      <class name="APIDataStore.Sample">
        <test-method signature="Me2()[pri:0, instance:APIDataStore.Sample@3b6ddd1d]" started-at="2022-09-21T08:04:30 IST" name="Me2" finished-at="2022-09-21T08:04:30 IST" duration-ms="13" status="PASS">
          <reporter-output>
          </reporter-output>
        </test-method> <!-- Me2 -->
        <test-method signature="Me3()[pri:0, instance:APIDataStore.Sample@3b6ddd1d]" started-at="2022-09-21T08:04:30 IST" name="Me3" finished-at="2022-09-21T08:04:30 IST" duration-ms="1" status="PASS">
          <reporter-output>
          </reporter-output>
        </test-method> <!-- Me3 -->
      </class> <!-- APIDataStore.Sample -->
    </test> <!-- Default test -->
  </suite> <!-- Default suite -->
</testng-results>
