<?xml version="1.0" encoding="UTF-8"?>
<testng-results ignored="0" total="1" passed="1" failed="0" skipped="0">
  <reporter-output>
  </reporter-output>
  <suite started-at="2022-09-24T16:39:17 IST" name="Suite" finished-at="2022-09-24T16:39:21 IST" duration-ms="4478">
    <groups>
    </groups>
    <test started-at="2022-09-24T16:39:17 IST" name="Test" finished-at="2022-09-24T16:39:21 IST" duration-ms="4478">
      <class name="RSCourse_ECommerce.TestRunner">
        <test-method is-config="true" signature="BeforeSuite()[pri:0, instance:RSCourse_ECommerce.TestRunner@5149d738]" started-at="2022-09-24T16:39:17 IST" name="BeforeSuite" finished-at="2022-09-24T16:39:17 IST" duration-ms="10" status="PASS">
          <reporter-output>
          </reporter-output>
        </test-method> <!-- BeforeSuite -->
        <test-method is-config="true" signature="BeforeTest()[pri:0, instance:RSCourse_ECommerce.TestRunner@5149d738]" started-at="2022-09-24T16:39:17 IST" name="BeforeTest" finished-at="2022-09-24T16:39:17 IST" duration-ms="1" status="PASS">
          <reporter-output>
          </reporter-output>
        </test-method> <!-- BeforeTest -->
        <test-method signature="ExecutionFlow(java.lang.String)[pri:0, instance:RSCourse_ECommerce.TestRunner@5149d738]" started-at="2022-09-24T16:39:17 IST" name="ExecutionFlow" finished-at="2022-09-24T16:39:21 IST" duration-ms="4447" status="PASS">
          <params>
            <param index="0">
              <value>
                <![CDATA[https://rahulshettyacademy.com/]]>
              </value>
            </param>
          </params>
          <reporter-output>
          </reporter-output>
        </test-method> <!-- ExecutionFlow -->
        <test-method is-config="true" signature="AfterTest()[pri:0, instance:RSCourse_ECommerce.TestRunner@5149d738]" started-at="2022-09-24T16:39:21 IST" name="AfterTest" finished-at="2022-09-24T16:39:21 IST" duration-ms="0" status="PASS">
          <reporter-output>
          </reporter-output>
        </test-method> <!-- AfterTest -->
        <test-method is-config="true" signature="AfterSuite()[pri:0, instance:RSCourse_ECommerce.TestRunner@5149d738]" started-at="2022-09-24T16:39:21 IST" name="AfterSuite" finished-at="2022-09-24T16:39:21 IST" duration-ms="0" status="PASS">
          <reporter-output>
          </reporter-output>
        </test-method> <!-- AfterSuite -->
      </class> <!-- RSCourse_ECommerce.TestRunner -->
    </test> <!-- Test -->
  </suite> <!-- Suite -->
</testng-results>
